0 info it worked if it ends with ok
1 verbose cli [ '/usr/local/bin/node', '/usr/local/bin/npm', 'run', 'watch' ]
2 info using npm@3.10.10
3 info using node@v6.10.3
4 verbose run-script [ 'prewatch', 'watch', 'postwatch' ]
5 info lifecycle blue-beetle-repo@1.0.0~prewatch: blue-beetle-repo@1.0.0
6 silly lifecycle blue-beetle-repo@1.0.0~prewatch: no script for prewatch, continuing
7 info lifecycle blue-beetle-repo@1.0.0~watch: blue-beetle-repo@1.0.0
8 verbose lifecycle blue-beetle-repo@1.0.0~watch: unsafe-perm in lifecycle true
9 verbose lifecycle blue-beetle-repo@1.0.0~watch: PATH: /usr/local/lib/node_modules/npm/bin/node-gyp-bin:/Applications/XAMPP/xamppfiles/htdocs/Blue-Beetle-Test-Page/blue-beetle-repo/node_modules/.bin:/usr/local/bin:/usr/bin:/bin:/usr/sbin:/sbin
10 verbose lifecycle blue-beetle-repo@1.0.0~watch: CWD: /Applications/XAMPP/xamppfiles/htdocs/Blue-Beetle-Test-Page/blue-beetle-repo
11 silly lifecycle blue-beetle-repo@1.0.0~watch: Args: [ '-c',
11 silly lifecycle   'NODE_ENV=development node_modules/webpack/bin/webpack.js --watch --progress --hide-modules --config=node_modules/laravel-mix/setup/webpack.config.js' ]
12 silly lifecycle blue-beetle-repo@1.0.0~watch: Returned: code: 1  signal: null
13 info lifecycle blue-beetle-repo@1.0.0~watch: Failed to exec watch script
14 verbose stack Error: blue-beetle-repo@1.0.0 watch: `NODE_ENV=development node_modules/webpack/bin/webpack.js --watch --progress --hide-modules --config=node_modules/laravel-mix/setup/webpack.config.js`
14 verbose stack Exit status 1
14 verbose stack     at EventEmitter.<anonymous> (/usr/local/lib/node_modules/npm/lib/utils/lifecycle.js:255:16)
14 verbose stack     at emitTwo (events.js:106:13)
14 verbose stack     at EventEmitter.emit (events.js:191:7)
14 verbose stack     at ChildProcess.<anonymous> (/usr/local/lib/node_modules/npm/lib/utils/spawn.js:40:14)
14 verbose stack     at emitTwo (events.js:106:13)
14 verbose stack     at ChildProcess.emit (events.js:191:7)
14 verbose stack     at maybeClose (internal/child_process.js:886:16)
14 verbose stack     at Process.ChildProcess._handle.onexit (internal/child_process.js:226:5)
15 verbose pkgid blue-beetle-repo@1.0.0
16 verbose cwd /Applications/XAMPP/xamppfiles/htdocs/Blue-Beetle-Test-Page/blue-beetle-repo
17 error Darwin 17.2.0
18 error argv "/usr/local/bin/node" "/usr/local/bin/npm" "run" "watch"
19 error node v6.10.3
20 error npm  v3.10.10
21 error code ELIFECYCLE
22 error blue-beetle-repo@1.0.0 watch: `NODE_ENV=development node_modules/webpack/bin/webpack.js --watch --progress --hide-modules --config=node_modules/laravel-mix/setup/webpack.config.js`
22 error Exit status 1
23 error Failed at the blue-beetle-repo@1.0.0 watch script 'NODE_ENV=development node_modules/webpack/bin/webpack.js --watch --progress --hide-modules --config=node_modules/laravel-mix/setup/webpack.config.js'.
23 error Make sure you have the latest version of node.js and npm installed.
23 error If you do, this is most likely a problem with the blue-beetle-repo package,
23 error not with npm itself.
23 error Tell the author that this fails on your system:
23 error     NODE_ENV=development node_modules/webpack/bin/webpack.js --watch --progress --hide-modules --config=node_modules/laravel-mix/setup/webpack.config.js
23 error You can get information on how to open an issue for this project with:
23 error     npm bugs blue-beetle-repo
23 error Or if that isn't available, you can get their info via:
23 error     npm owner ls blue-beetle-repo
23 error There is likely additional logging output above.
24 verbose exit [ 1, true ]
